<?xml version="1.0" encoding="UTF-8"?>
<testng-results total="1" passed="1" failed="0" skipped="0">
  <reporter-output>
  </reporter-output>
  <suite started-at="2022-01-17T09:48:57Z" name="Default suite" finished-at="2022-01-17T09:50:03Z" duration-ms="66325">
    <groups>
    </groups>
    <test started-at="2022-01-17T09:48:57Z" name="Default test" finished-at="2022-01-17T09:50:03Z" duration-ms="66325">
      <class name="functionality.Login">
        <test-method signature="login()[pri:0, instance:functionality.Login@571c5681]" started-at="2022-01-17T15:18:57Z" name="login" finished-at="2022-01-17T15:20:03Z" duration-ms="66283" status="PASS">
          <reporter-output>
          </reporter-output>
        </test-method> <!-- login -->
      </class> <!-- functionality.Login -->
    </test> <!-- Default test -->
  </suite> <!-- Default suite -->
</testng-results>
